<?xml version="1.0" encoding="UTF-8"?>
<testng-results ignored="0" total="1" passed="1" failed="0" skipped="0">
  <reporter-output>
  </reporter-output>
  <suite started-at="2024-03-18T17:59:22 IST" name="Default suite" finished-at="2024-03-18T17:59:32 IST" duration-ms="9586">
    <groups>
    </groups>
    <test started-at="2024-03-18T17:59:22 IST" name="Default test" finished-at="2024-03-18T17:59:32 IST" duration-ms="9586">
      <class name="Basic.OrganizationTest">
        <test-method signature="CreateOrganizationTest()[pri:0, instance:Basic.OrganizationTest@3a6bb9bf]" started-at="2024-03-18T17:59:22 IST" name="CreateOrganizationTest" finished-at="2024-03-18T17:59:32 IST" duration-ms="9519" status="PASS">
          <reporter-output>
          </reporter-output>
        </test-method> <!-- CreateOrganizationTest -->
      </class> <!-- Basic.OrganizationTest -->
    </test> <!-- Default test -->
  </suite> <!-- Default suite -->
</testng-results>
